This is pdfTeX, Version 3.14159265-2.6-1.40.16 (TeX Live 2015) (preloaded format=pdflatex 2015.9.15)  1 NOV 2015 18:52
entering extended mode
 restricted \write18 enabled.
 %&-line parsing enabled.
**thesis.tex
(./thesis.tex
LaTeX2e <2015/01/01>
Babel <3.9l> and hyphenation patterns for 79 languages loaded.
(/Users/MacbookPro/Library/texmf/tex/latex/ociamthesis-lyx.cls
Document Class: ociamthesis-lyx 2010/03/20 v2.1 OCIAM thesis class
(/usr/local/texlive/2015/texmf-dist/tex/latex/base/report.cls
Document Class: report 2014/09/29 v1.4h Standard LaTeX document class
(/usr/local/texlive/2015/texmf-dist/tex/latex/base/size12.clo
File: size12.clo 2014/09/29 v1.4h Standard LaTeX file (size option)
)
\c@part=\count79
\c@chapter=\count80
\c@section=\count81
\c@subsection=\count82
\c@subsubsection=\count83
\c@paragraph=\count84
\c@subparagraph=\count85
\c@figure=\count86
\c@table=\count87
\abovecaptionskip=\skip41
\belowcaptionskip=\skip42
\bibindent=\dimen102
))
(/usr/local/texlive/2015/texmf-dist/tex/latex/base/fontenc.sty
Package: fontenc 2005/09/27 v1.99g Standard LaTeX package

(/usr/local/texlive/2015/texmf-dist/tex/latex/base/t1enc.def
File: t1enc.def 2005/09/27 v1.99g Standard LaTeX file
LaTeX Font Info:    Redeclaring font encoding T1 on input line 48.
))
(/usr/local/texlive/2015/texmf-dist/tex/latex/base/inputenc.sty
Package: inputenc 2015/03/17 v1.2c Input encoding file
\inpenc@prehook=\toks14
\inpenc@posthook=\toks15

(/usr/local/texlive/2015/texmf-dist/tex/latex/base/latin9.def
File: latin9.def 2015/03/17 v1.2c Input encoding file
))
(/usr/local/texlive/2015/texmf-dist/tex/latex/float/float.sty
Package: float 2001/11/08 v1.3d Float enhancements (AL)
\c@float@type=\count88
\float@exts=\toks16
\float@box=\box26
\@float@everytoks=\toks17
\@floatcapt=\box27
)
(/usr/local/texlive/2015/texmf-dist/tex/latex/amsmath/amsmath.sty
Package: amsmath 2013/01/14 v2.14 AMS math features
\@mathmargin=\skip43

For additional information on amsmath, use the `?' option.
(/usr/local/texlive/2015/texmf-dist/tex/latex/amsmath/amstext.sty
Package: amstext 2000/06/29 v2.01

(/usr/local/texlive/2015/texmf-dist/tex/latex/amsmath/amsgen.sty
File: amsgen.sty 1999/11/30 v2.0
\@emptytoks=\toks18
\ex@=\dimen103
))
(/usr/local/texlive/2015/texmf-dist/tex/latex/amsmath/amsbsy.sty
Package: amsbsy 1999/11/29 v1.2d
\pmbraise@=\dimen104
)
(/usr/local/texlive/2015/texmf-dist/tex/latex/amsmath/amsopn.sty
Package: amsopn 1999/12/14 v2.01 operator names
)
\inf@bad=\count89
LaTeX Info: Redefining \frac on input line 210.
\uproot@=\count90
\leftroot@=\count91
LaTeX Info: Redefining \overline on input line 306.
\classnum@=\count92
\DOTSCASE@=\count93
LaTeX Info: Redefining \ldots on input line 378.
LaTeX Info: Redefining \dots on input line 381.
LaTeX Info: Redefining \cdots on input line 466.
\Mathstrutbox@=\box28
\strutbox@=\box29
\big@size=\dimen105
LaTeX Font Info:    Redeclaring font encoding OML on input line 566.
LaTeX Font Info:    Redeclaring font encoding OMS on input line 567.
\macc@depth=\count94
\c@MaxMatrixCols=\count95
\dotsspace@=\muskip10
\c@parentequation=\count96
\dspbrk@lvl=\count97
\tag@help=\toks19
\row@=\count98
\column@=\count99
\maxfields@=\count100
\andhelp@=\toks20
\eqnshift@=\dimen106
\alignsep@=\dimen107
\tagshift@=\dimen108
\tagwidth@=\dimen109
\totwidth@=\dimen110
\lineht@=\dimen111
\@envbody=\toks21
\multlinegap=\skip44
\multlinetaggap=\skip45
\mathdisplay@stack=\toks22
LaTeX Info: Redefining \[ on input line 2665.
LaTeX Info: Redefining \] on input line 2666.
)
(/usr/local/texlive/2015/texmf-dist/tex/latex/amsfonts/amssymb.sty
Package: amssymb 2013/01/14 v3.01 AMS font symbols

(/usr/local/texlive/2015/texmf-dist/tex/latex/amsfonts/amsfonts.sty
Package: amsfonts 2013/01/14 v3.01 Basic AMSFonts support
\symAMSa=\mathgroup4
\symAMSb=\mathgroup5
LaTeX Font Info:    Overwriting math alphabet `\mathfrak' in version `bold'
(Font)                  U/euf/m/n --> U/euf/b/n on input line 106.
))
(/usr/local/texlive/2015/texmf-dist/tex/latex/graphics/graphicx.sty
Package: graphicx 2014/10/28 v1.0g Enhanced LaTeX Graphics (DPC,SPQR)

(/usr/local/texlive/2015/texmf-dist/tex/latex/graphics/keyval.sty
Package: keyval 2014/10/28 v1.15 key=value parser (DPC)
\KV@toks@=\toks23
)
(/usr/local/texlive/2015/texmf-dist/tex/latex/graphics/graphics.sty
Package: graphics 2014/10/28 v1.0p Standard LaTeX Graphics (DPC,SPQR)

(/usr/local/texlive/2015/texmf-dist/tex/latex/graphics/trig.sty
Package: trig 1999/03/16 v1.09 sin cos tan (DPC)
)
(/usr/local/texlive/2015/texmf-dist/tex/latex/latexconfig/graphics.cfg
File: graphics.cfg 2010/04/23 v1.9 graphics configuration of TeX Live
)
Package graphics Info: Driver file: pdftex.def on input line 94.

(/usr/local/texlive/2015/texmf-dist/tex/latex/pdftex-def/pdftex.def
File: pdftex.def 2011/05/27 v0.06d Graphics/color for pdfTeX

(/usr/local/texlive/2015/texmf-dist/tex/generic/oberdiek/infwarerr.sty
Package: infwarerr 2010/04/08 v1.3 Providing info/warning/error messages (HO)
)
(/usr/local/texlive/2015/texmf-dist/tex/generic/oberdiek/ltxcmds.sty
Package: ltxcmds 2011/11/09 v1.22 LaTeX kernel commands for general use (HO)
)
\Gread@gobject=\count101
))
\Gin@req@height=\dimen112
\Gin@req@width=\dimen113
)
(/usr/local/texlive/2015/texmf-dist/tex/latex/natbib/natbib.sty
Package: natbib 2010/09/13 8.31b (PWD, AO)
\bibhang=\skip46
\bibsep=\skip47
LaTeX Info: Redefining \cite on input line 694.
\c@NAT@ctr=\count102
)
(/usr/local/texlive/2015/texmf-dist/tex/latex/setspace/setspace.sty
Package: setspace 2011/12/19 v6.7a set line spacing
)
(/usr/local/texlive/2015/texmf-dist/tex/latex/preprint/fullpage.sty
Package: fullpage 1999/02/23 1.1 (PWD)
\FP@margin=\skip48
)
(/usr/local/texlive/2015/texmf-dist/tex/latex/caption/caption.sty
Package: caption 2013/05/02 v3.3-89 Customizing captions (AR)

(/usr/local/texlive/2015/texmf-dist/tex/latex/caption/caption3.sty
Package: caption3 2013/05/02 v1.6-88 caption3 kernel (AR)
Package caption3 Info: TeX engine: e-TeX on input line 57.
\captionmargin=\dimen114
\captionmargin@=\dimen115
\captionwidth=\dimen116
\caption@tempdima=\dimen117
\caption@indent=\dimen118
\caption@parindent=\dimen119
\caption@hangindent=\dimen120
)
\c@ContinuedFloat=\count103
Package caption Info: float package is loaded.
)
(/usr/local/texlive/2015/texmf-dist/tex/generic/babel/babel.sty
Package: babel 2014/09/25 3.9l The Babel package

(/usr/local/texlive/2015/texmf-dist/tex/generic/babel-english/english.ldf
Language: english 2012/08/20 v3.3p English support from the babel system

(/usr/local/texlive/2015/texmf-dist/tex/generic/babel/babel.def
File: babel.def 2014/09/25 3.9l Babel common definitions
\babel@savecnt=\count104
\U@D=\dimen121
)
\l@canadian = a dialect from \language\l@american 
\l@australian = a dialect from \language\l@british 
\l@newzealand = a dialect from \language\l@british 
)
(/usr/local/texlive/2015/texmf-dist/tex/generic/babel-english/english.ldf
Language: english 2012/08/20 v3.3p English support from the babel system
))

Package Babel Warning: The package option `english' should not be used
(Babel)                with a more specific one (like `british') on input line 
57.

(./thesis.aux (./abstract/Abstract.aux) (./glossary.aux)
(./chapter1/chapter1.aux))
\openout1 = `thesis.aux'.

LaTeX Font Info:    Checking defaults for OML/cmm/m/it on input line 57.
LaTeX Font Info:    ... okay on input line 57.
LaTeX Font Info:    Checking defaults for T1/cmr/m/n on input line 57.
LaTeX Font Info:    ... okay on input line 57.
LaTeX Font Info:    Checking defaults for OT1/cmr/m/n on input line 57.
LaTeX Font Info:    ... okay on input line 57.
LaTeX Font Info:    Checking defaults for OMS/cmsy/m/n on input line 57.
LaTeX Font Info:    ... okay on input line 57.
LaTeX Font Info:    Checking defaults for OMX/cmex/m/n on input line 57.
LaTeX Font Info:    ... okay on input line 57.
LaTeX Font Info:    Checking defaults for U/cmr/m/n on input line 57.
LaTeX Font Info:    ... okay on input line 57.

(/usr/local/texlive/2015/texmf-dist/tex/context/base/supp-pdf.mkii
[Loading MPS to PDF converter (version 2006.09.02).]
\scratchcounter=\count105
\scratchdimen=\dimen122
\scratchbox=\box30
\nofMPsegments=\count106
\nofMParguments=\count107
\everyMPshowfont=\toks24
\MPscratchCnt=\count108
\MPscratchDim=\dimen123
\MPnumerator=\count109
\makeMPintoPDFobject=\count110
\everyMPtoPDFconversion=\toks25
) (/usr/local/texlive/2015/texmf-dist/tex/generic/oberdiek/pdftexcmds.sty
Package: pdftexcmds 2011/11/29 v0.20 Utility functions of pdfTeX for LuaTeX (HO
)

(/usr/local/texlive/2015/texmf-dist/tex/generic/oberdiek/ifluatex.sty
Package: ifluatex 2010/03/01 v1.3 Provides the ifluatex switch (HO)
Package ifluatex Info: LuaTeX not detected.
)
(/usr/local/texlive/2015/texmf-dist/tex/generic/oberdiek/ifpdf.sty
Package: ifpdf 2011/01/30 v2.3 Provides the ifpdf switch (HO)
Package ifpdf Info: pdfTeX in PDF mode is detected.
)
Package pdftexcmds Info: LuaTeX not detected.
Package pdftexcmds Info: \pdf@primitive is available.
Package pdftexcmds Info: \pdf@ifprimitive is available.
Package pdftexcmds Info: \pdfdraftmode found.
)
(/usr/local/texlive/2015/texmf-dist/tex/latex/oberdiek/epstopdf-base.sty
Package: epstopdf-base 2010/02/09 v2.5 Base part for package epstopdf

(/usr/local/texlive/2015/texmf-dist/tex/latex/oberdiek/grfext.sty
Package: grfext 2010/08/19 v1.1 Manage graphics extensions (HO)

(/usr/local/texlive/2015/texmf-dist/tex/generic/oberdiek/kvdefinekeys.sty
Package: kvdefinekeys 2011/04/07 v1.3 Define keys (HO)
))
(/usr/local/texlive/2015/texmf-dist/tex/latex/oberdiek/kvoptions.sty
Package: kvoptions 2011/06/30 v3.11 Key value format for package options (HO)

(/usr/local/texlive/2015/texmf-dist/tex/generic/oberdiek/kvsetkeys.sty
Package: kvsetkeys 2012/04/25 v1.16 Key value parser (HO)

(/usr/local/texlive/2015/texmf-dist/tex/generic/oberdiek/etexcmds.sty
Package: etexcmds 2011/02/16 v1.5 Avoid name clashes with e-TeX commands (HO)
Package etexcmds Info: Could not find \expanded.
(etexcmds)             That can mean that you are not using pdfTeX 1.50 or
(etexcmds)             that some package has redefined \expanded.
(etexcmds)             In the latter case, load this package earlier.
)))
Package grfext Info: Graphics extension search list:
(grfext)             [.png,.pdf,.jpg,.mps,.jpeg,.jbig2,.jb2,.PNG,.PDF,.JPG,.JPE
G,.JBIG2,.JB2,.eps]
(grfext)             \AppendGraphicsExtensions on input line 452.

(/usr/local/texlive/2015/texmf-dist/tex/latex/latexconfig/epstopdf-sys.cfg
File: epstopdf-sys.cfg 2010/07/13 v1.3 Configuration of (r)epstopdf for TeX Liv
e
))
Package caption Info: Begin \AtBeginDocument code.
Package caption Info: End \AtBeginDocument code.

<titlepage/beltcrest.pdf, id=1, 116.435pt x 139.52126pt>
File: titlepage/beltcrest.pdf Graphic file (type pdf)

<use titlepage/beltcrest.pdf>
Package pdftex.def Info: titlepage/beltcrest.pdf used on input line 63.
(pdftex.def)             Requested size: 116.43471pt x 139.5209pt.
 [1


{/usr/local/texlive/2015/texmf-var/fonts/map/pdftex/updmap/pdftex.map} <./title
page/beltcrest.pdf>]
\openout2 = `abstract/Abstract.aux'.

 (./abstract/Abstract.tex

Package natbib Warning: Citation `Perisse:2013fp' on page 2 undefined on input 
line 11.


Package natbib Warning: Citation `Hige:2015er' on page 2 undefined on input lin
e 15.


Package natbib Warning: Citation `Owald:2015cn' on page 2 undefined on input li
ne 18.

[2


])
\openout2 = `glossary.aux'.

 (./glossary.tex
LaTeX Font Info:    Try loading font information for U+msa on input line 5.

(/usr/local/texlive/2015/texmf-dist/tex/latex/amsfonts/umsa.fd
File: umsa.fd 2013/01/14 v3.01 AMS symbols A
)
LaTeX Font Info:    Try loading font information for U+msb on input line 5.

(/usr/local/texlive/2015/texmf-dist/tex/latex/amsfonts/umsb.fd
File: umsb.fd 2013/01/14 v3.01 AMS symbols B
)) [3


]
(./thesis.toc [1



])
\tf@toc=\write3
\openout3 = `thesis.toc'.

 [2]
\openout2 = `chapter1/chapter1.aux'.

 (./chapter1/chapter1.tex
Chapter 1.

Package natbib Warning: Citation `Niewalda:2008bm' on page 1 undefined on input
 line 14.


Package natbib Warning: Citation `Waddell:2010iw' on page 1 undefined on input 
line 15.


Package natbib Warning: Citation `Perisse:2013fpa' on page 1 undefined on input
 line 23.


Package natbib Warning: Citation `Luo:2010fb' on page 1 undefined on input line
 29.


Package natbib Warning: Citation `Wessnitzer:2011dj' on page 1 undefined on inp
ut line 29.

[1



]

! LaTeX Error: File `chapter1/Figure1_circuit_a4_vers2' not found.

See the LaTeX manual or LaTeX Companion for explanation.
Type  H <return>  for immediate help.
 ...                                              
                                                  
l.38 ...le=0.6]{chapter1/Figure1_circuit_a4_vers2}
                                                  
? 

Package natbib Warning: Citation `Perisse:2013fpa' on page 2 undefined on input
 line 64.


Package natbib Warning: Citation `Waddell:2013fu' on page 2 undefined on input 
line 70.


Package natbib Warning: Citation `Hallem:2006iu' on page 2 undefined on input l
ine 92.


Package natbib Warning: Citation `Luo:2010fb' on page 2 undefined on input line
 96.


Package natbib Warning: Citation `deBelle:1994iu' on page 2 undefined on input 
line 102.

[2]

Package natbib Warning: Citation `Turner:2008eo' on page 3 undefined on input l
ine 108.


Package natbib Warning: Citation `Heisenberg:2009bu' on page 3 undefined on inp
ut line 111.


Package natbib Warning: Citation `Honegger:2011ja' on page 3 undefined on input
 line 116.


Package natbib Warning: Citation `Campbell:2013fb' on page 3 undefined on input
 line 122.


Package natbib Warning: Citation `Campbell:2013fb' on page 3 undefined on input
 line 130.

[3]

Package natbib Warning: Citation `Lin:2014io' on page 4 undefined on input line
 139.


Package natbib Warning: Citation `Lin:2014io' on page 4 undefined on input line
 146.


Package natbib Warning: Citation `Krashes:2007fh' on page 4 undefined on input 
line 156.


Package natbib Warning: Citation `Perisse:2013fp' on page 4 undefined on input 
line 164.


! LaTeX Error: File `chapter1/mb_divisions' not found.

See the LaTeX manual or LaTeX Companion for explanation.
Type  H <return>  for immediate help.
 ...                                              
                                                  
l.169 ...aphics[scale=0.25]{chapter1/mb_divisions}
                                                  
? 

Package natbib Warning: Citation `Aso:2014bh' on page 4 undefined on input line
 178.

[4]

Package natbib Warning: Citation `Aso:2014bh' on page 5 undefined on input line
 214.


Package natbib Warning: Citation `Owald:2015cn' on page 5 undefined on input li
ne 214.


Package natbib Warning: Citation `Owald:2015cn' on page 5 undefined on input li
ne 225.

[5]

Package natbib Warning: Citation `Burke:2012jt' on page 6 undefined on input li
ne 244.


Package natbib Warning: Citation `Owald:2015cn' on page 6 undefined on input li
ne 254.


Package natbib Warning: Citation `Perisse:2013fp' on page 6 undefined on input 
line 262.


Package natbib Warning: Citation `Lin:2014ix' on page 6 undefined on input line
 269.

[6]

Package natbib Warning: Citation `Lin:2014ix' on page 7 undefined on input line
 279.


! LaTeX Error: File `chapter1/Fig_starved_vs_fed' not found.

See the LaTeX manual or LaTeX Companion for explanation.
Type  H <return>  for immediate help.
 ...                                              
                                                  
l.294 ...s[scale=0.2]{chapter1/Fig_starved_vs_fed}
                                                  
? 

Package natbib Warning: Citation `Owald:2015cn' on page 7 undefined on input li
ne 310.


Package natbib Warning: Citation `Aso:2014bh' on page 7 undefined on input line
 313.


Package natbib Warning: Citation `Owald:2015cn' on page 7 undefined on input li
ne 316.

[7]

Package natbib Warning: Citation `Bi:1998ve' on page 8 undefined on input line 
329.


Package natbib Warning: Citation `Bi:1998ve' on page 8 undefined on input line 
332.


Package natbib Warning: Citation `Pawlak:2010cn' on page 8 undefined on input l
ine 335.


Package natbib Warning: Citation `Waddell:2013fu' on page 8 undefined on input 
line 339.

[8]

Package natbib Warning: Citation `Hige:2015er' on page 9 undefined on input lin
e 350.


Package natbib Warning: Citation `Owald:2015cn' on page 9 undefined on input li
ne 350.


Package natbib Warning: Citation `Aso:2014bh' on page 9 undefined on input line
 350.


Package natbib Warning: Citation `Wessnitzer:2011dj' on page 9 undefined on inp
ut line 353.


Package natbib Warning: Citation `Giurfa:2003dd' on page 9 undefined on input l
ine 361.


Package natbib Warning: Citation `Wessnitzer:2011dj' on page 9 undefined on inp
ut line 366.

[9] [10]
Chapter 2.

Package natbib Warning: Citation `Aso:2014bh' on page 11 undefined on input lin
e 390.


Package natbib Warning: Citation `Hige:2015er' on page 11 undefined on input li
ne 399.


Package natbib Warning: Citation `Turner:2008eo' on page 11 undefined on input 
line 408.

[11

]

Package natbib Warning: Citation `Turner:2008eo' on page 12 undefined on input 
line 416.


Package natbib Warning: Citation `Hige:2015er' on page 12 undefined on input li
ne 432.


LaTeX Warning: `h' float specifier changed to `ht'.

[12]

Package natbib Warning: Citation `Cassenaer:2007go' on page 13 undefined on inp
ut line 499.

[13] [14]

Package natbib Warning: Citation `Abbott:2000gg' on page 15 undefined on input 
line 588.


Package natbib Warning: Citation `Izhikevich:2004ul' on page 15 undefined on in
put line 591.


! LaTeX Error: File `chapter1/Figure3_learningrule' not found.

See the LaTeX manual or LaTeX Companion for explanation.
Type  H <return>  for immediate help.
 ...                                              
                                                  
l.596 ...scale=0.7]{chapter1/Figure3_learningrule}
                                                  \foreignlanguage{british}{...

? 

Package natbib Warning: Citation `Cassenaer:2007go' on page 15 undefined on inp
ut line 603.

[15]

Package natbib Warning: Citation `Turner:2008eo' on page 16 undefined on input 
line 632.

[16]
Chapter 3.

! LaTeX Error: File `chapter1/odor_space2' not found.

See the LaTeX manual or LaTeX Companion for explanation.
Type  H <return>  for immediate help.
 ...                                              
                                                  
l.670 ...raphics[scale=0.65]{chapter1/odor_space2}
                                                  
? 
[17

] [18]

! LaTeX Error: File `chapter1/Figures3_clean2' not found.

See the LaTeX manual or LaTeX Companion for explanation.
Type  H <return>  for immediate help.
 ...                                              
                                                  
l.728 ...hics[scale=0.7]{chapter1/Figures3_clean2}
                                                  \foreignlanguage{british}{...

? 

! LaTeX Error: File `"chapter1/Figure20 - before_after"' not found.

See the LaTeX manual or LaTeX Companion for explanation.
Type  H <return>  for immediate help.
 ...                                              
                                                  
l.753 ...chapter1/Figure20 - before_after\string"}
                                                  \foreignlanguage{british}{...

? 

! LaTeX Error: File `chapter1/currents_before_after_aversive' not found.

See the LaTeX manual or LaTeX Companion for explanation.
Type  H <return>  for immediate help.
 ...                                              
                                                  
l.768 ...{chapter1/currents_before_after_aversive}
                                                  \foreignlanguage{british}{...

? 
[19]

! LaTeX Error: File `chapter1/Figure7_lateral_inihibition_vers2' not found.

See the LaTeX manual or LaTeX Companion for explanation.
Type  H <return>  for immediate help.
 ...                                              
                                                  
l.797 ...apter1/Figure7_lateral_inihibition_vers2}
                                                  \foreignlanguage{british}{...

? 

Package natbib Warning: Citation `Campbell:2013fba' on page 20 undefined on inp
ut line 831.


LaTeX Warning: File `chapter1/Figure7_overlap2_new.ai' not found on input line 
838.


! LaTeX Error: Unknown graphics extension: .ai.

See the LaTeX manual or LaTeX Companion for explanation.
Type  H <return>  for immediate help.
 ...                                              
                                                  
l.838 ...le=0.6]{chapter1/Figure7_overlap2_new.ai}
                                                  \foreignlanguage{british}{...

? 
[20]

LaTeX Warning: File `chapter1/Final_figure_trained_twice.ai' not found on input
 line 879.


! LaTeX Error: Unknown graphics extension: .ai.

See the LaTeX manual or LaTeX Companion for explanation.
Type  H <return>  for immediate help.
 ...                                              
                                                  
l.879 ...]{chapter1/Final_figure_trained_twice.ai}
                                                  \foreignlanguage{british}{...

? 
[21]
Chapter 4.

Package natbib Warning: Citation `Hige:2015er' on page 22 undefined on input li
ne 924.


Package natbib Warning: Citation `Wu:2007ie' on page 22 undefined on input line
 934.

[22

]

Package natbib Warning: Citation `Yarali:2008dt' on page 23 undefined on input 
line 948.


Package natbib Warning: Citation `Yarali:2008dt' on page 23 undefined on input 
line 950.


Package natbib Warning: Citation `Yarali:2008dt' on page 23 undefined on input 
line 952.


Package natbib Warning: Citation `Perisse:2013fp' on page 23 undefined on input
 line 955.

[23]

Package natbib Warning: Citation `Greenspan:2004iu' on page 24 undefined on inp
ut line 970.


Package natbib Warning: Citation `Owald:2015cn' on page 24 undefined on input l
ine 986.


Package natbib Warning: Citation `Lin:2014io' on page 24 undefined on input lin
e 1003.

[24] [25]
Chapter 5.

! LaTeX Error: File `chapter1/Timeline' not found.

See the LaTeX manual or LaTeX Companion for explanation.
Type  H <return>  for immediate help.
 ...                                              
                                                  
l.1011 ...degraphics[scale=0.7]{chapter1/Timeline}
                                                  \selectlanguage{english}%
? 
) [26

]
No file thesis.bbl.

Package natbib Warning: There were undefined citations.

[27

] (./thesis.aux (./abstract/Abstract.aux) (./glossary.aux)
(./chapter1/chapter1.aux)) ) 
Here is how much of TeX's memory you used:
 4669 strings out of 493089
 65968 string characters out of 6134842
 135865 words of memory out of 5000000
 8011 multiletter control sequences out of 15000+600000
 20229 words of font info for 54 fonts, out of 8000000 for 9000
 1141 hyphenation exceptions out of 8191
 38i,9n,41p,249b,495s stack positions out of 5000i,500n,10000p,200000b,80000s
{/usr/local/texlive/2015/texmf-dist/fonts/enc/dvips
/cm-super/cm-super-t1.enc}</usr/local/texlive/2015/texmf-dist/fonts/type1/publi
c/amsfonts/cm/cmbx12.pfb></usr/local/texlive/2015/texmf-dist/fonts/type1/public
/amsfonts/cm/cmex10.pfb></usr/local/texlive/2015/texmf-dist/fonts/type1/public/
amsfonts/cm/cmmi10.pfb></usr/local/texlive/2015/texmf-dist/fonts/type1/public/a
msfonts/cm/cmmi12.pfb></usr/local/texlive/2015/texmf-dist/fonts/type1/public/am
sfonts/cm/cmmi8.pfb></usr/local/texlive/2015/texmf-dist/fonts/type1/public/amsf
onts/cm/cmr10.pfb></usr/local/texlive/2015/texmf-dist/fonts/type1/public/amsfon
ts/cm/cmr12.pfb></usr/local/texlive/2015/texmf-dist/fonts/type1/public/amsfonts
/cm/cmsy10.pfb></usr/local/texlive/2015/texmf-dist/fonts/type1/public/amsfonts/
cm/cmsy8.pfb></usr/local/texlive/2015/texmf-dist/fonts/type1/public/cm-super/sf
bx1200.pfb></usr/local/texlive/2015/texmf-dist/fonts/type1/public/cm-super/sfbx
1440.pfb></usr/local/texlive/2015/texmf-dist/fonts/type1/public/cm-super/sfbx17
28.pfb></usr/local/texlive/2015/texmf-dist/fonts/type1/public/cm-super/sfbx2488
.pfb></usr/local/texlive/2015/texmf-dist/fonts/type1/public/cm-super/sfrm1095.p
fb></usr/local/texlive/2015/texmf-dist/fonts/type1/public/cm-super/sfrm1200.pfb
></usr/local/texlive/2015/texmf-dist/fonts/type1/public/cm-super/sfrm1440.pfb><
/usr/local/texlive/2015/texmf-dist/fonts/type1/public/cm-super/sfrm1728.pfb></u
sr/local/texlive/2015/texmf-dist/fonts/type1/public/cm-super/sfti1440.pfb>
Output written on thesis.pdf (32 pages, 305559 bytes).
PDF statistics:
 185 PDF objects out of 1000 (max. 8388607)
 130 compressed objects within 2 object streams
 0 named destinations out of 1000 (max. 500000)
 6 words of extra memory for PDF output out of 10000 (max. 10000000)

